<?xml version="1.0" encoding="UTF-8"?>
<testng-results skipped="0" failed="0" total="1" passed="1">
  <reporter-output>
  </reporter-output>
  <suite name="Default suite" duration-ms="10471" started-at="2019-01-29T02:49:29Z" finished-at="2019-01-29T02:49:40Z">
    <groups>
    </groups>
    <test name="Default test" duration-ms="10471" started-at="2019-01-29T02:49:29Z" finished-at="2019-01-29T02:49:40Z">
      <class name="Basics">
        <test-method status="PASS" signature="Test()[pri:0, instance:Basics@e25b2fe]" name="Test" duration-ms="10421" started-at="2019-01-28T21:49:29Z" finished-at="2019-01-28T21:49:40Z">
          <reporter-output>
          </reporter-output>
        </test-method> <!-- Test -->
      </class> <!-- Basics -->
    </test> <!-- Default test -->
  </suite> <!-- Default suite -->
</testng-results>
